\BOOKMARK [1][-]{section.1}{\376\377\0001\000\040\000I\000n\000d\000e\000k\000s\000\040\000k\000l\000a\000s}{}% 1
\BOOKMARK [2][-]{subsection.1.1}{\376\377\0001\000.\0001\000\040\000L\000i\000s\000t\000a\000\040\000k\000l\000a\000s}{section.1}% 2
\BOOKMARK [1][-]{section.2}{\376\377\0002\000\040\000I\000n\000d\000e\000k\000s\000\040\000p\000l\000i\000k\000\363\000w}{}% 3
\BOOKMARK [2][-]{subsection.2.1}{\376\377\0002\000.\0001\000\040\000L\000i\000s\000t\000a\000\040\000p\000l\000i\000k\000\363\000w}{section.2}% 4
\BOOKMARK [1][-]{section.3}{\376\377\0003\000\040\000D\000o\000k\000u\000m\000e\000n\000t\000a\000c\000j\000a\000\040\000k\000l\000a\000s}{}% 5
\BOOKMARK [2][-]{subsection.3.1}{\376\377\0003\000.\0001\000\040\000D\000o\000k\000u\000m\000e\000n\000t\000a\000c\000j\000a\000\040\000k\000l\000a\000s\000y\000\040\000D\000r\000z\000e\000w\000o}{section.3}% 6
\BOOKMARK [3][-]{subsubsection.3.1.1}{\376\377\0003\000.\0001\000.\0001\000\040\000D\000o\000k\000u\000m\000e\000n\000t\000a\000c\000j\000a\000\040\000k\000o\000n\000s\000t\000r\000u\000k\000t\000o\000r\000a\000\040\000i\000\040\000d\000e\000s\000t\000r\000u\000k\000t\000o\000r\000a}{subsection.3.1}% 7
\BOOKMARK [3][-]{subsubsection.3.1.2}{\376\377\0003\000.\0001\000.\0002\000\040\000D\000o\000k\000u\000m\000e\000n\000t\000a\000c\000j\000a\000\040\000f\000u\000n\000k\000c\000j\000i\000\040\000s\000k\001\102\000a\000d\000o\000w\000y\000c\000h}{subsection.3.1}% 8
\BOOKMARK [3][-]{subsubsection.3.1.3}{\376\377\0003\000.\0001\000.\0003\000\040\000D\000o\000k\000u\000m\000e\000n\000t\000a\000c\000j\000a\000\040\000a\000t\000r\000y\000b\000u\000t\000\363\000w\000\040\000s\000k\001\102\000a\000d\000o\000w\000y\000c\000h}{subsection.3.1}% 9
\BOOKMARK [2][-]{subsection.3.2}{\376\377\0003\000.\0002\000\040\000D\000o\000k\000u\000m\000e\000n\000t\000a\000c\000j\000a\000\040\000s\000t\000r\000u\000k\000t\000u\000r\000y\000\040\000e\000l\000e\000m\000e\000n\000t\000D\000r\000z\000e\000w\000a}{section.3}% 10
\BOOKMARK [3][-]{subsubsection.3.2.1}{\376\377\0003\000.\0002\000.\0001\000\040\000D\000o\000k\000u\000m\000e\000n\000t\000a\000c\000j\000a\000\040\000k\000o\000n\000s\000t\000r\000u\000k\000t\000o\000r\000a\000\040\000i\000\040\000d\000e\000s\000t\000r\000u\000k\000t\000o\000r\000a}{subsection.3.2}% 11
\BOOKMARK [3][-]{subsubsection.3.2.2}{\376\377\0003\000.\0002\000.\0002\000\040\000D\000o\000k\000u\000m\000e\000n\000t\000a\000c\000j\000a\000\040\000a\000t\000r\000y\000b\000u\000t\000\363\000w\000\040\000s\000k\001\102\000a\000d\000o\000w\000y\000c\000h}{subsection.3.2}% 12
\BOOKMARK [2][-]{subsection.3.3}{\376\377\0003\000.\0003\000\040\000D\000o\000k\000u\000m\000e\000n\000t\000a\000c\000j\000a\000\040\000k\000l\000a\000s\000y\000\040\000p\000l\000i\000k}{section.3}% 13
\BOOKMARK [3][-]{subsubsection.3.3.1}{\376\377\0003\000.\0003\000.\0001\000\040\000D\000o\000k\000u\000m\000e\000n\000t\000a\000c\000j\000a\000\040\000k\000o\000n\000s\000t\000r\000u\000k\000t\000o\000r\000a\000\040\000i\000\040\000d\000e\000s\000t\000r\000u\000k\000t\000o\000r\000a}{subsection.3.3}% 14
\BOOKMARK [3][-]{subsubsection.3.3.2}{\376\377\0003\000.\0003\000.\0002\000\040\000D\000o\000k\000u\000m\000e\000n\000t\000a\000c\000j\000a\000\040\000f\000u\000n\000k\000c\000j\000i\000\040\000s\000k\001\102\000a\000d\000o\000w\000y\000c\000h}{subsection.3.3}% 15
\BOOKMARK [3][-]{subsubsection.3.3.3}{\376\377\0003\000.\0003\000.\0003\000\040\000D\000o\000k\000u\000m\000e\000n\000t\000a\000c\000j\000a\000\040\000a\000t\000r\000y\000b\000u\000t\000\363\000w\000\040\000s\000k\001\102\000a\000d\000o\000w\000y\000c\000h}{subsection.3.3}% 16
\BOOKMARK [1][-]{section.4}{\376\377\0004\000\040\000D\000o\000k\000u\000m\000e\000n\000t\000a\000c\000j\000a\000\040\000p\000l\000i\000k\000\363\000w}{}% 17
\BOOKMARK [2][-]{subsection.4.1}{\376\377\0004\000.\0001\000\040\000D\000o\000k\000u\000m\000e\000n\000t\000a\000c\000j\000a\000\040\000p\000l\000i\000k\000u\000\040\000C\000:\000/\000U\000s\000e\000r\000s\000/\000k\000i\000d\000i\000/\000D\000e\000s\000k\000t\000o\000p\000/\000D\000r\000z\000e\000w\000o\000\040\000B\000S\000T\000/\000D\000r\000z\000e\000w\000o\000-\000B\000S\000T\000/\000D\000r\000z\000e\000w\000o\000\040\000B\000S\000T\000/\000D\000r\000z\000e\000w\000o\000\040\000B\000S\000T\000/\000D\000r\000z\000e\000w\000o\000\040\000B\000S\000T\000.\000c\000p\000p}{section.4}% 18
\BOOKMARK [2][-]{subsection.4.2}{\376\377\0004\000.\0002\000\040\000D\000o\000k\000u\000m\000e\000n\000t\000a\000c\000j\000a\000\040\000p\000l\000i\000k\000u\000\040\000C\000:\000/\000U\000s\000e\000r\000s\000/\000k\000i\000d\000i\000/\000D\000e\000s\000k\000t\000o\000p\000/\000D\000r\000z\000e\000w\000o\000\040\000B\000S\000T\000/\000D\000r\000z\000e\000w\000o\000-\000B\000S\000T\000/\000D\000r\000z\000e\000w\000o\000\040\000B\000S\000T\000/\000D\000r\000z\000e\000w\000o\000\040\000B\000S\000T\000/\000D\000r\000z\000e\000w\000o\000.\000c\000p\000p}{section.4}% 19
\BOOKMARK [3][-]{subsubsection.4.2.1}{\376\377\0004\000.\0002\000.\0001\000\040\000D\000o\000k\000u\000m\000e\000n\000t\000a\000c\000j\000a\000\040\000f\000u\000n\000k\000c\000j\000i}{subsection.4.2}% 20
\BOOKMARK [2][-]{subsection.4.3}{\376\377\0004\000.\0003\000\040\000D\000o\000k\000u\000m\000e\000n\000t\000a\000c\000j\000a\000\040\000p\000l\000i\000k\000u\000\040\000C\000:\000/\000U\000s\000e\000r\000s\000/\000k\000i\000d\000i\000/\000D\000e\000s\000k\000t\000o\000p\000/\000D\000r\000z\000e\000w\000o\000\040\000B\000S\000T\000/\000D\000r\000z\000e\000w\000o\000-\000B\000S\000T\000/\000D\000r\000z\000e\000w\000o\000\040\000B\000S\000T\000/\000D\000r\000z\000e\000w\000o\000\040\000B\000S\000T\000/\000D\000r\000z\000e\000w\000o\000.\000h}{section.4}% 21
\BOOKMARK [2][-]{subsection.4.4}{\376\377\0004\000.\0004\000\040\000D\000r\000z\000e\000w\000o\000.\000h}{section.4}% 22
\BOOKMARK [2][-]{subsection.4.5}{\376\377\0004\000.\0005\000\040\000D\000o\000k\000u\000m\000e\000n\000t\000a\000c\000j\000a\000\040\000p\000l\000i\000k\000u\000\040\000C\000:\000/\000U\000s\000e\000r\000s\000/\000k\000i\000d\000i\000/\000D\000e\000s\000k\000t\000o\000p\000/\000D\000r\000z\000e\000w\000o\000\040\000B\000S\000T\000/\000D\000r\000z\000e\000w\000o\000-\000B\000S\000T\000/\000D\000r\000z\000e\000w\000o\000\040\000B\000S\000T\000/\000D\000r\000z\000e\000w\000o\000\040\000B\000S\000T\000/\000p\000l\000i\000k\000.\000c\000p\000p}{section.4}% 23
\BOOKMARK [2][-]{subsection.4.6}{\376\377\0004\000.\0006\000\040\000D\000o\000k\000u\000m\000e\000n\000t\000a\000c\000j\000a\000\040\000p\000l\000i\000k\000u\000\040\000C\000:\000/\000U\000s\000e\000r\000s\000/\000k\000i\000d\000i\000/\000D\000e\000s\000k\000t\000o\000p\000/\000D\000r\000z\000e\000w\000o\000\040\000B\000S\000T\000/\000D\000r\000z\000e\000w\000o\000-\000B\000S\000T\000/\000D\000r\000z\000e\000w\000o\000\040\000B\000S\000T\000/\000D\000r\000z\000e\000w\000o\000\040\000B\000S\000T\000/\000p\000l\000i\000k\000.\000h}{section.4}% 24
\BOOKMARK [2][-]{subsection.4.7}{\376\377\0004\000.\0007\000\040\000p\000l\000i\000k\000.\000h}{section.4}% 25
\BOOKMARK [1][-]{section*.35}{\376\377\000S\000k\000o\000r\000o\000w\000i\000d\000z}{}% 26
